<?xml version="1.0" encoding="UTF-8"?>
<coverage generated="1759265737">
  <project timestamp="1759265737" name="Clover Coverage">
    <package name="App\Controllers">
      <file name="/workspaces/gondwana-api-assignment/backend/src/Controllers/BookingController.php">
        <class name="App\Controllers\BookingController" namespace="App\Controllers">
          <metrics complexity="11" methods="2" coveredmethods="1" conditionals="0" coveredconditionals="0" statements="65" coveredstatements="62" elements="67" coveredelements="63"/>
        </class>
        <line num="19" type="method" name="__construct" visibility="public" complexity="1" crap="1" count="5"/>
        <line num="24" type="stmt" count="5"/>
        <line num="25" type="stmt" count="5"/>
        <line num="26" type="stmt" count="5"/>
        <line num="27" type="stmt" count="5"/>
        <line num="28" type="stmt" count="5"/>
        <line num="29" type="stmt" count="5"/>
        <line num="32" type="method" name="calculateRates" visibility="public" complexity="10" crap="10.01" count="5"/>
        <line num="35" type="stmt" count="5"/>
        <line num="37" type="stmt" count="5"/>
        <line num="38" type="stmt" count="4"/>
        <line num="39" type="stmt" count="1"/>
        <line num="40" type="stmt" count="5"/>
        <line num="41" type="stmt" count="5"/>
        <line num="42" type="stmt" count="0"/>
        <line num="43" type="stmt" count="5"/>
        <line num="45" type="stmt" count="5"/>
        <line num="46" type="stmt" count="2"/>
        <line num="49" type="stmt" count="3"/>
        <line num="50" type="stmt" count="0"/>
        <line num="53" type="stmt" count="3"/>
        <line num="54" type="stmt" count="0"/>
        <line num="57" type="stmt" count="3"/>
        <line num="58" type="stmt" count="3"/>
        <line num="59" type="stmt" count="1"/>
        <line num="60" type="stmt" count="1"/>
        <line num="61" type="stmt" count="1"/>
        <line num="63" type="stmt" count="1"/>
        <line num="64" type="stmt" count="1"/>
        <line num="65" type="stmt" count="1"/>
        <line num="66" type="stmt" count="1"/>
        <line num="67" type="stmt" count="1"/>
        <line num="68" type="stmt" count="1"/>
        <line num="69" type="stmt" count="1"/>
        <line num="70" type="stmt" count="4"/>
        <line num="71" type="stmt" count="2"/>
        <line num="72" type="stmt" count="2"/>
        <line num="73" type="stmt" count="2"/>
        <line num="74" type="stmt" count="2"/>
        <line num="75" type="stmt" count="2"/>
        <line num="76" type="stmt" count="2"/>
        <line num="77" type="stmt" count="2"/>
        <line num="78" type="stmt" count="2"/>
        <line num="79" type="stmt" count="2"/>
        <line num="80" type="stmt" count="1"/>
        <line num="81" type="stmt" count="1"/>
        <line num="82" type="stmt" count="1"/>
        <line num="83" type="stmt" count="1"/>
        <line num="84" type="stmt" count="1"/>
        <line num="85" type="stmt" count="1"/>
        <line num="86" type="stmt" count="1"/>
        <line num="87" type="stmt" count="1"/>
        <line num="88" type="stmt" count="1"/>
        <line num="89" type="stmt" count="1"/>
        <line num="90" type="stmt" count="1"/>
        <line num="91" type="stmt" count="1"/>
        <line num="92" type="stmt" count="1"/>
        <line num="93" type="stmt" count="1"/>
        <line num="94" type="stmt" count="1"/>
        <line num="95" type="stmt" count="1"/>
        <line num="96" type="stmt" count="1"/>
        <line num="99" type="stmt" count="5"/>
        <line num="100" type="stmt" count="5"/>
        <line num="101" type="stmt" count="5"/>
        <line num="103" type="stmt" count="5"/>
        <line num="104" type="stmt" count="5"/>
        <line num="105" type="stmt" count="5"/>
        <metrics loc="107" ncloc="107" classes="1" methods="2" coveredmethods="1" conditionals="0" coveredconditionals="0" statements="65" coveredstatements="62" elements="67" coveredelements="63"/>
      </file>
    </package>
    <package name="App\Services">
      <file name="/workspaces/gondwana-api-assignment/backend/src/Services/PayloadTransformer.php">
        <class name="App\Services\PayloadTransformer" namespace="App\Services">
          <metrics complexity="13" methods="4" coveredmethods="4" conditionals="0" coveredconditionals="0" statements="29" coveredstatements="29" elements="33" coveredelements="33"/>
        </class>
        <line num="15" type="method" name="transform" visibility="public" complexity="2" crap="2" count="12"/>
        <line num="17" type="stmt" count="12"/>
        <line num="18" type="stmt" count="8"/>
        <line num="19" type="stmt" count="7"/>
        <line num="21" type="stmt" count="7"/>
        <line num="22" type="stmt" count="1"/>
        <line num="25" type="stmt" count="6"/>
        <line num="27" type="stmt" count="5"/>
        <line num="28" type="stmt" count="5"/>
        <line num="29" type="stmt" count="5"/>
        <line num="30" type="stmt" count="5"/>
        <line num="31" type="stmt" count="5"/>
        <line num="32" type="stmt" count="5"/>
        <line num="35" type="method" name="validateRequiredFields" visibility="private" complexity="4" crap="4" count="12"/>
        <line num="37" type="stmt" count="12"/>
        <line num="38" type="stmt" count="12"/>
        <line num="39" type="stmt" count="3"/>
        <line num="43" type="stmt" count="9"/>
        <line num="44" type="stmt" count="1"/>
        <line num="48" type="method" name="parseDate" visibility="private" complexity="2" crap="2" count="8"/>
        <line num="50" type="stmt" count="8"/>
        <line num="51" type="stmt" count="8"/>
        <line num="52" type="stmt" count="1"/>
        <line num="54" type="stmt" count="7"/>
        <line num="57" type="method" name="transformGuests" visibility="private" complexity="5" crap="5" count="6"/>
        <line num="59" type="stmt" count="6"/>
        <line num="60" type="stmt" count="6"/>
        <line num="61" type="stmt" count="6"/>
        <line num="62" type="stmt" count="1"/>
        <line num="65" type="stmt" count="6"/>
        <line num="66" type="stmt" count="6"/>
        <line num="67" type="stmt" count="6"/>
        <line num="69" type="stmt" count="5"/>
        <metrics loc="71" ncloc="65" classes="1" methods="4" coveredmethods="4" conditionals="0" coveredconditionals="0" statements="29" coveredstatements="29" elements="33" coveredelements="33"/>
      </file>
      <file name="/workspaces/gondwana-api-assignment/backend/src/Services/ResponseFormatter.php">
        <class name="App\Services\ResponseFormatter" namespace="App\Services">
          <metrics complexity="1" methods="1" coveredmethods="1" conditionals="0" coveredconditionals="0" statements="17" coveredstatements="17" elements="18" coveredelements="18"/>
        </class>
        <line num="19" type="method" name="format" visibility="public" complexity="1" crap="1" count="3"/>
        <line num="21" type="stmt" count="3"/>
        <line num="22" type="stmt" count="3"/>
        <line num="23" type="stmt" count="3"/>
        <line num="24" type="stmt" count="3"/>
        <line num="25" type="stmt" count="3"/>
        <line num="26" type="stmt" count="3"/>
        <line num="27" type="stmt" count="3"/>
        <line num="28" type="stmt" count="1"/>
        <line num="29" type="stmt" count="1"/>
        <line num="30" type="stmt" count="1"/>
        <line num="31" type="stmt" count="1"/>
        <line num="32" type="stmt" count="1"/>
        <line num="33" type="stmt" count="1"/>
        <line num="34" type="stmt" count="1"/>
        <line num="35" type="stmt" count="1"/>
        <line num="36" type="stmt" count="3"/>
        <line num="37" type="stmt" count="3"/>
        <metrics loc="39" ncloc="33" classes="1" methods="1" coveredmethods="1" conditionals="0" coveredconditionals="0" statements="17" coveredstatements="17" elements="18" coveredelements="18"/>
      </file>
    </package>
    <metrics files="3" loc="217" ncloc="205" classes="3" methods="7" coveredmethods="6" conditionals="0" coveredconditionals="0" statements="111" coveredstatements="108" elements="118" coveredelements="114"/>
  </project>
</coverage>
